<?xml version="1.0" encoding="UTF-8"?>
<!-- Generated by org.testng.reporters.JUnitXMLReporter -->
<testsuite hostname="DESKTOP-74HS2VL" ignored="0" name="keyou-创建项目" tests="5" failures="1" timestamp="18 八月 2020 15:17:16 GMT" time="0.623" errors="0">
  <testcase name="test" time="0.151" classname="com.lemon.cases.KeyouCreateProjects"/>
  <testcase name="test" time="0.093" classname="com.lemon.cases.KeyouCreateProjects"/>
  <testcase name="test" time="0.106" classname="com.lemon.cases.KeyouCreateProjects">
    <failure type="java.lang.AssertionError" message="expected [passed] but found [failed]">
      <![CDATA[java.lang.AssertionError: expected [passed] but found [failed]
	at com.lemon.cases.KeyouCreateProjects.test(KeyouCreateProjects.java:62)
... Removed 35 stack frames]]>
    </failure>
  </testcase> <!-- test -->
  <testcase name="test" time="0.099" classname="com.lemon.cases.KeyouCreateProjects"/>
  <testcase name="test" time="0.108" classname="com.lemon.cases.KeyouCreateProjects"/>
</testsuite> <!-- keyou-创建项目 -->
